<?xml version="1.0" encoding="UTF-8"?>
<coverage generated="1638379120735" clover="3.2.0">
  <project timestamp="1638379120735" name="All files">
    <metrics statements="4" coveredstatements="4" conditionals="0" coveredconditionals="0" methods="1" coveredmethods="1" elements="5" coveredelements="5" complexity="0" loc="4" ncloc="4" packages="1" files="1" classes="1"/>
    <file name="numberToReverse.js" path="/Users/damifajinmi/projects/diy-kata/diy-kata/DIY-KATA-MYTESTS/numberToReverse.js">
      <metrics statements="4" coveredstatements="4" conditionals="0" coveredconditionals="0" methods="1" coveredmethods="1"/>
      <line num="2" count="2" type="stmt"/>
      <line num="3" count="2" type="stmt"/>
      <line num="4" count="2" type="stmt"/>
      <line num="8" count="1" type="stmt"/>
    </file>
  </project>
</coverage>
