<?xml version="1.0" encoding="UTF-8"?>
<coverage generated="1638308151164" clover="3.2.0">
  <project timestamp="1638308151164" name="All files">
    <metrics statements="10" coveredstatements="10" conditionals="10" coveredconditionals="10" methods="1" coveredmethods="1" elements="21" coveredelements="21" complexity="0" loc="10" ncloc="10" packages="1" files="1" classes="1"/>
    <file name="FizzBuzz.js" path="/Users/damifajinmi/projects/diy-kata/diy-kata/DIY-KATA-MYTESTS/FizzBuzz.js">
      <metrics statements="10" coveredstatements="10" conditionals="10" coveredconditionals="10" methods="1" coveredmethods="1"/>
      <line num="2" count="5" type="cond" truecount="2" falsecount="0"/>
      <line num="3" count="1" type="stmt"/>
      <line num="4" count="4" type="cond" truecount="4" falsecount="0"/>
      <line num="5" count="1" type="stmt"/>
      <line num="6" count="3" type="cond" truecount="2" falsecount="0"/>
      <line num="7" count="1" type="stmt"/>
      <line num="8" count="2" type="cond" truecount="2" falsecount="0"/>
      <line num="9" count="1" type="stmt"/>
      <line num="10" count="1" type="stmt"/>
      <line num="14" count="1" type="stmt"/>
    </file>
  </project>
</coverage>
