<?xml version="1.0" encoding="UTF-8"?>
<coverage generated="1638310673442" clover="3.2.0">
  <project timestamp="1638310673442" name="All files">
    <metrics statements="15" coveredstatements="13" conditionals="14" coveredconditionals="11" methods="2" coveredmethods="2" elements="31" coveredelements="26" complexity="0" loc="15" ncloc="15" packages="1" files="2" classes="2"/>
    <file name="FizzBuzz.js" path="/Users/damifajinmi/projects/diy-kata/diy-kata/DIY-KATA-MYTESTS/FizzBuzz.js">
      <metrics statements="10" coveredstatements="10" conditionals="10" coveredconditionals="10" methods="1" coveredmethods="1"/>
      <line num="2" count="5" type="cond" truecount="2" falsecount="0"/>
      <line num="3" count="1" type="stmt"/>
      <line num="4" count="4" type="cond" truecount="4" falsecount="0"/>
      <line num="5" count="1" type="stmt"/>
      <line num="6" count="3" type="cond" truecount="2" falsecount="0"/>
      <line num="7" count="1" type="stmt"/>
      <line num="8" count="2" type="cond" truecount="2" falsecount="0"/>
      <line num="9" count="1" type="stmt"/>
      <line num="10" count="1" type="stmt"/>
      <line num="14" count="1" type="stmt"/>
    </file>
    <file name="booleanToWord.js" path="/Users/damifajinmi/projects/diy-kata/diy-kata/DIY-KATA-MYTESTS/booleanToWord.js">
      <metrics statements="5" coveredstatements="3" conditionals="4" coveredconditionals="1" methods="1" coveredmethods="1"/>
      <line num="2" count="2" type="cond" truecount="1" falsecount="1"/>
      <line num="3" count="2" type="stmt"/>
      <line num="4" count="0" type="cond" truecount="0" falsecount="2"/>
      <line num="5" count="0" type="stmt"/>
      <line num="9" count="1" type="stmt"/>
    </file>
  </project>
</coverage>
