{"/Users/damifajinmi/projects/diy-kata/diy-kata/DIY-KATA-MYTESTS/numberToReverse.js": {"path":"/Users/damifajinmi/projects/diy-kata/diy-kata/DIY-KATA-MYTESTS/numberToReverse.js","statementMap":{"0":{"start":{"line":2,"column":18},"end":{"line":2,"column":59}},"1":{"start":{"line":3,"column":20},"end":{"line":3,"column":37}},"2":{"start":{"line":4,"column":4},"end":{"line":4,"column":21}},"3":{"start":{"line":8,"column":0},"end":{"line":8,"column":32}}},"fnMap":{"0":{"name":"numberToReverse","decl":{"start":{"line":1,"column":9},"end":{"line":1,"column":24}},"loc":{"start":{"line":1,"column":33},"end":{"line":6,"column":1}},"line":1}},"branchMap":{},"s":{"0":2,"1":2,"2":2,"3":1},"f":{"0":2},"b":{},"_coverageSchema":"1a1c01bbd47fc00a2c39e90264f33305004495a9","hash":"97d1294fa7c203b43480daf74ab7a5b91f2d45aa"}
}
